# Preference setting overrides
gui_create_pref_key -category {Globals} -key {load_detail_for_funcov} -value_type {bool} -value {false}

# State setting overrides
gui_state_default_create -off -ini
gui_set_state_value -category Globals -key recent_databases -value {{gui_open_db -file /home/quanghan/Work/ThanhDat/FFT_Final/02_simulate/run/fft.pvd -design V1} {gui_open_db -file /home/quanghan/Work/ThanhDat/01_MFCC/02_Simulate/Top/run/top.pwd -design V1}}
gui_set_state_value -category Layout -key child_console_size_x -value 716
gui_set_state_value -category Layout -key child_console_size_y -value 177
gui_set_state_value -category Layout -key child_data_coltype -value 46
gui_set_state_value -category Layout -key child_data_colvariable -value 145
gui_set_state_value -category Layout -key child_data_size_x -value 300
gui_set_state_value -category Layout -key child_data_size_y -value 354
gui_set_state_value -category Layout -key child_hier_size_x -value 172
gui_set_state_value -category Layout -key child_hier_size_y -value 354
gui_set_state_value -category Layout -key child_source_docknewline -value false
gui_set_state_value -category Layout -key child_source_pos_x -value {-2}
gui_set_state_value -category Layout -key child_source_pos_y -value {-15}
gui_set_state_value -category Layout -key child_source_size_x -value 247
gui_set_state_value -category Layout -key child_source_size_y -value 349
gui_set_state_value -category Layout -key child_wave_colname -value 172
gui_set_state_value -category Layout -key child_wave_colvalue -value 120
gui_set_state_value -category Layout -key child_wave_left -value 296
gui_set_state_value -category Layout -key child_wave_right -value 722
gui_set_state_value -category Layout -key main_pos_x -value 17
gui_set_state_value -category Layout -key main_pos_y -value 51
gui_set_state_value -category Layout -key main_size_x -value 733
gui_set_state_value -category Layout -key main_size_y -value 738
gui_set_state_value -category Layout -key stand_wave_child_docknewline -value false
gui_set_state_value -category Layout -key stand_wave_child_pos_x -value {-2}
gui_set_state_value -category Layout -key stand_wave_child_pos_y -value {-15}
gui_set_state_value -category Layout -key stand_wave_child_size_x -value 1028
gui_set_state_value -category Layout -key stand_wave_child_size_y -value 554
gui_set_state_value -category Layout -key stand_wave_top_pos_x -value 83
gui_set_state_value -category Layout -key stand_wave_top_pos_y -value 161
gui_set_state_value -category Layout -key stand_wave_top_size_x -value 1106
gui_set_state_value -category Layout -key stand_wave_top_size_y -value 853
gui_create_state_key -category FindDialog -key m_pMatchCase -value_type bool -value false
gui_create_state_key -category FindDialog -key m_pMatchWord -value_type bool -value false
gui_create_state_key -category FindDialog -key m_pUseCombo -value_type string -value {}
gui_create_state_key -category FindDialog -key m_pWrapAround -value_type bool -value true
gui_state_default_create -off

# Begin command logging
gui_open_db -file /home/quanghan/Work/ThanhDat/FFT_Final/02_simulate/run/fft.pvd -design V1
gui_list_select -id Data.1 {  {add_fp_clk.data_in_1[31:0]}   }
gui_list_select -id Data.1 {  {add_fp_clk.data_in_2[31:0]}   }
gui_list_select -id Data.1 {  {add_fp_clk.data_out[31:0]}   }
gui_list_select -id Data.1 {  {add_fp_clk.dff_data_in_1[31:0]}   }
gui_list_select -id Data.1 {  {add_fp_clk.data_in_1[31:0]}   {add_fp_clk.data_in_2[31:0]}   {add_fp_clk.data_out[31:0]}   {add_fp_clk.dff_data_in_1[31:0]}   {add_fp_clk.data_in_2[31:0]}   }
gui_list_select -id Data.1 {  add_fp_clk.clk   }
gui_list_select -id Data.1 {  add_fp_clk.ena_add_fp_clk   }
gui_list_select -id Data.1 {  {add_fp_clk.data_in_1[31:0]}   }
gui_open_window Wave
gui_list_add -id Wave.1 -from Data.1 { add_fp_clk.clk add_fp_clk.ena_add_fp_clk {add_fp_clk.data_in_1[31:0]} {add_fp_clk.data_in_2[31:0]} } -insertionbar
gui_wv_zoom_timerange -id  Wave.1 0 234
gui_marker_move -id  Wave.1 C1 42
gui_marker_select -id  Wave.1 { C1 }
gui_marker_move -id  Wave.1 C1 52
gui_marker_create -id  Wave.1 M1 95
gui_marker_move -id  Wave.1 C1 93
gui_marker_move -id  Wave.1 C1 50
gui_marker_unselect -id  Wave.1 { C1 }
gui_marker_select -id  Wave.1 { M1 }
gui_marker_move -id  Wave.1 M1 55
gui_marker_unselect -id  Wave.1 { M1 }
gui_marker_select -id  Wave.1 { C1 }
gui_marker_move -id  Wave.1 C1 25
gui_marker_unselect -id  Wave.1 { C1 }
gui_marker_select -id  Wave.1 { M1 }
gui_marker_move -id  Wave.1 M1 100
gui_marker_unselect -id  Wave.1 { M1 }
gui_marker_select -id  Wave.1 { C1 }
gui_marker_move -id  Wave.1 C1 50
gui_marker_move -id  Wave.1 C1 176
gui_marker_move -id  Wave.1 C1 73
gui_marker_create -id  Wave.1 M2 134
gui_close_window -window TopLevel.2
